<?xml version="1.0" encoding="UTF-8"?>
<!-- Generated by org.testng.reporters.JUnitXMLReporter -->
<testsuite ignored="0" hostname="Ankurs-Surface-3" failures="0" tests="2" name="Default test" time="26.952" errors="0" timestamp="2022-11-11T14:19:31 EST">
  <testcase classname="com.qa.testcases.PumaRegisterationTest" name="validateNavigateToRegister" time="1.989"/>
  <testcase classname="com.qa.testcases.PumaRegisterationTest" name="validateRegisterartionForm" time="4.783"/>
</testsuite> <!-- Default test -->
